<?xml version="1.0" encoding="UTF-8"?>
<!-- Generated by org.testng.reporters.JUnitReportReporter -->
<testsuite hostname="ip-172-31-35-243" failures="0" tests="4" name="sampleattributes.sampleparallel" time="0.011" errors="0" timestamp="2026-01-21T05:06:42 UTC" skipped="0">
  <testcase classname="sampleattributes.sampleparallel" name="f2" time="0.002"/>
  <testcase classname="sampleattributes.sampleparallel" name="f1" time="0.001"/>
  <testcase classname="sampleattributes.sampleparallel" name="f" time="0.007"/>
  <testcase classname="sampleattributes.sampleparallel" name="f3" time="0.001"/>
</testsuite> <!-- sampleattributes.sampleparallel -->
