<?xml version="1.0" encoding="UTF-8"?>
<!-- Generated by org.testng.reporters.JUnitReportReporter -->
<testsuite hostname="ip-172-31-35-243" failures="0" tests="3" name="sampletestngpackage.come" time="0.004" errors="0" timestamp="2026-02-01T15:47:23 UTC" skipped="0">
  <testcase classname="sampletestngpackage.come" name="pkg1" time="0.001"/>
  <testcase classname="sampletestngpackage.come" name="pkg3" time="0.002"/>
  <testcase classname="sampletestngpackage.come" name="pkg2" time="0.001"/>
</testsuite> <!-- sampletestngpackage.come -->
