<?xml version="1.0" encoding="UTF-8"?>
<!-- Generated by org.testng.reporters.JUnitReportReporter -->
<testsuite hostname="ip-172-31-35-243" failures="0" tests="3" name="simplepackage2.sampleprogr" time="0.009" errors="0" timestamp="2026-01-25T05:37:57 UTC" skipped="0">
  <testcase classname="simplepackage2.sampleprogr" name="f5" time="0.001"/>
  <testcase classname="simplepackage2.sampleprogr" name="f1" time="0.001"/>
  <testcase classname="simplepackage2.sampleprogr" name="f" time="0.007"/>
</testsuite> <!-- simplepackage2.sampleprogr -->
