<?xml version="1.0" encoding="UTF-8"?>
<!-- Generated by org.testng.reporters.JUnitReportReporter -->
<testsuite hostname="ip-172-31-35-243" failures="0" tests="3" name="samplelistener.sampledataprovider" time="0.011" errors="0" timestamp="2026-01-26T08:56:06 UTC" skipped="0">
  <testcase classname="samplelistener.sampledataprovider" name="testMethod" time="0.008"/>
  <testcase classname="samplelistener.sampledataprovider" name="testMethod" time="0.001"/>
  <testcase classname="samplelistener.sampledataprovider" name="testMethod" time="0.002"/>
</testsuite> <!-- samplelistener.sampledataprovider -->
