<?xml version="1.0" encoding="UTF-8"?>
<!-- Generated by org.testng.reporters.JUnitReportReporter -->
<testsuite hostname="ip-172-31-35-243" failures="0" tests="3" name="simplepackage2.sampledependency" time="0.215" errors="0" timestamp="2026-01-25T16:38:14 UTC" skipped="0">
  <testcase classname="simplepackage2.sampledependency" name="f" time="0.009"/>
  <testcase classname="simplepackage2.sampledependency" name="f1" time="0.204"/>
  <testcase classname="simplepackage2.sampledependency" name="f5" time="0.002"/>
</testsuite> <!-- simplepackage2.sampledependency -->
