<?xml version="1.0" encoding="UTF-8"?>
<!-- Generated by org.testng.reporters.JUnitReportReporter -->
<testsuite hostname="ip-172-31-35-243" failures="0" tests="3" name="simplepackage2.NewTest" time="0.013" errors="0" timestamp="2026-01-25T05:34:25 UTC" skipped="0">
  <testcase classname="simplepackage2.NewTest" name="f5" time="0.009"/>
  <testcase classname="simplepackage2.NewTest" name="f" time="0.002"/>
  <testcase classname="simplepackage2.NewTest" name="f1" time="0.002"/>
</testsuite> <!-- simplepackage2.NewTest -->
