<?xml version="1.0" encoding="UTF-8"?>
<!-- Generated by org.testng.reporters.JUnitXMLReporter -->
<testsuite ignored="0" hostname="ip-172-31-35-243" failures="1" tests="3" name="Test" time="0.25" errors="0" timestamp="2026-01-26T08:59:38 UTC">
  <testcase classname="sampleattributes.NewTest2" name="f1" time="0.008"/>
  <testcase classname="sampleattributes.NewTest2" name="f3" time="0.204">
    <failure type="org.testng.internal.thread.ThreadTimeoutException" message="Method sampleattributes.NewTest2.f3() didn&amp;apos;t finish within the time-out 200">
      <![CDATA[org.testng.internal.thread.ThreadTimeoutException: Method sampleattributes.NewTest2.f3() didn't finish within the time-out 200
at java.base/java.lang.Thread.sleep0(Native Method)
at java.base/java.lang.Thread.sleep(Thread.java:509)
at sampleattributes.NewTest2.f3(NewTest2.java:18)
at java.base/java.util.concurrent.FutureTask.run(FutureTask.java:317)
at java.base/java.util.concurrent.ThreadPoolExecutor.runWorker(ThreadPoolExecutor.java:1144)
at java.base/java.util.concurrent.ThreadPoolExecutor$Worker.run(ThreadPoolExecutor.java:642)
at java.base/java.lang.Thread.run(Thread.java:1583)
... Removed 6 stack frames]]>
    </failure>
  </testcase> <!-- f3 -->
  <testcase classname="sampleattributes.NewTest2" name="f4" time="0.002"/>
</testsuite> <!-- Test -->
