<?xml version="1.0" encoding="UTF-8"?>
<!-- Generated by org.testng.reporters.JUnitXMLReporter -->
<testsuite ignored="0" hostname="ip-172-31-35-243" failures="0" tests="5" name="Default test" time="0.052" errors="0" timestamp="2026-02-01T15:47:22 UTC">
  <testcase classname="sampletestngpackage.basictestng" name="pkg1" time="0.009"/>
  <testcase classname="sampletestngpackage.basictestng" name="pkg2" time="0.001"/>
  <testcase classname="sampletestngpackage.basictestng" name="pkg1" time="0.001"/>
  <testcase classname="sampletestngpackage.basictestng" name="pkg2" time="0.001"/>
  <testcase classname="sampletestngpackage.come" name="pkg3" time="0.002"/>
</testsuite> <!-- Default test -->
